DEBUG:eshop.views: blah blah blah (2016-12-02 21:00:58; views.py:15)
WARNING:eshop.views: It is a warning (2016-12-02 21:00:58; views.py:16)
ERROR:eshop.views: All is broken (2016-12-02 21:00:58; views.py:17)
INFO:django.server: "GET /eshop/ HTTP/1.1" 200 3282 (2016-12-02 21:01:05; basehttp.py:131)
INFO:django.server: "GET /static/eshop/style.css HTTP/1.1" 200 692 (2016-12-02 21:01:05; basehttp.py:131)
INFO:django.server: "GET /static/eshop/images/Gremlin.jpg HTTP/1.1" 304 0 (2016-12-02 21:01:06; basehttp.py:131)
INFO:django.server: "GET /static/eshop/images/background.jpg HTTP/1.1" 200 131571 (2016-12-02 21:01:06; basehttp.py:131)
INFO:django.server: "GET /static/eshop/favicon/gremlin.ico HTTP/1.1" 200 166727 (2016-12-02 21:01:06; basehttp.py:131)
INFO:django.server: "GET /eshop/manufacturers/ HTTP/1.1" 200 3638 (2016-12-02 21:01:11; basehttp.py:131)
INFO:django.server: "GET /eshop/phonemodels/ HTTP/1.1" 200 3622 (2016-12-02 21:01:13; basehttp.py:131)
INFO:django.server: "GET /eshop/manufacturers/ HTTP/1.1" 200 3638 (2016-12-02 21:01:14; basehttp.py:131)
INFO:django.server: "GET /eshop/phonemodels/ HTTP/1.1" 200 3622 (2016-12-02 21:01:17; basehttp.py:131)
INFO:django.server: "GET /eshop/manufacturers/ HTTP/1.1" 200 3638 (2016-12-02 21:01:18; basehttp.py:131)
INFO:django.server: "GET /eshop/ HTTP/1.1" 200 3282 (2016-12-02 21:01:19; basehttp.py:131)
INFO:django.server: "GET /eshop/manufacturers/ HTTP/1.1" 200 3638 (2016-12-02 21:01:20; basehttp.py:131)
INFO:django.server: "GET /eshop/phonemodels/ HTTP/1.1" 200 3622 (2016-12-02 21:01:22; basehttp.py:131)
INFO:django.server: "GET /eshop/manufacturers/ HTTP/1.1" 200 3638 (2016-12-02 21:01:25; basehttp.py:131)
INFO:django.server: "GET /eshop/ HTTP/1.1" 200 3282 (2016-12-02 21:01:26; basehttp.py:131)
INFO:django.server: "GET /eshop/manufacturers/ HTTP/1.1" 200 3638 (2016-12-02 21:01:29; basehttp.py:131)
INFO:django.server: "GET /eshop/manufacturers/ HTTP/1.1" 200 3638 (2016-12-02 21:01:38; basehttp.py:131)
INFO:django.server: "GET /eshop/manufacturers/1/ HTTP/1.1" 200 3419 (2016-12-02 21:01:39; basehttp.py:131)
INFO:django.server: "GET /eshop/phonemodels/ HTTP/1.1" 200 3622 (2016-12-02 21:01:44; basehttp.py:131)
INFO:django.server: "GET /eshop/manufacturers/ HTTP/1.1" 200 3638 (2016-12-02 21:01:46; basehttp.py:131)
INFO:django.server: "GET /eshop/manufacturers/ HTTP/1.1" 200 3638 (2016-12-02 21:01:58; basehttp.py:131)
INFO:django.server: "GET /eshop/manufacturers/1/ HTTP/1.1" 200 3419 (2016-12-02 21:01:59; basehttp.py:131)
INFO:django.server: "GET /eshop/manufacturers/ HTTP/1.1" 200 3638 (2016-12-02 21:02:01; basehttp.py:131)
INFO:django.server: "GET /eshop/phonemodels/ HTTP/1.1" 200 3622 (2016-12-02 21:02:02; basehttp.py:131)
INFO:django.server: "GET /eshop/phonemodels/3/ HTTP/1.1" 200 4177 (2016-12-02 21:02:03; basehttp.py:131)
INFO:django.server: "GET /eshop/manufacturers/ HTTP/1.1" 200 3638 (2016-12-02 21:02:09; basehttp.py:131)
INFO:django.server: "GET /eshop/phonemodels/ HTTP/1.1" 200 3622 (2016-12-02 21:02:13; basehttp.py:131)
INFO:django.server: "GET /eshop/ HTTP/1.1" 200 3282 (2016-12-02 21:06:31; basehttp.py:131)
INFO:django.server: "GET /eshop/ HTTP/1.1" 200 3287 (2016-12-02 21:08:16; basehttp.py:131)
WARNING:django.server: "GET /static/eshop/images/mobile-phone.jpg HTTP/1.1" 404 1700 (2016-12-02 21:08:16; basehttp.py:131)
INFO:django.server: "GET /static/eshop/favicon/gremlin.ico HTTP/1.1" 200 166727 (2016-12-02 21:08:16; basehttp.py:131)
INFO:django.server: "GET /eshop/ HTTP/1.1" 200 3287 (2016-12-02 21:08:19; basehttp.py:131)
WARNING:django.server: "GET /static/eshop/images/mobile-phone.jpg HTTP/1.1" 404 1700 (2016-12-02 21:08:19; basehttp.py:131)
INFO:django.server: "GET /static/eshop/favicon/gremlin.ico HTTP/1.1" 200 166727 (2016-12-02 21:08:19; basehttp.py:131)
INFO:django.server: "GET /eshop/ HTTP/1.1" 200 3286 (2016-12-02 21:08:39; basehttp.py:131)
INFO:django.server: "GET /static/eshop/images/smart-phone.jpg HTTP/1.1" 200 42699 (2016-12-02 21:08:39; basehttp.py:131)
INFO:django.server: "GET /static/eshop/favicon/gremlin.ico HTTP/1.1" 200 166727 (2016-12-02 21:08:39; basehttp.py:131)
INFO:django.server: "GET /eshop/manufacturers/ HTTP/1.1" 200 3638 (2016-12-02 21:08:43; basehttp.py:131)
INFO:django.server: "GET /eshop/phonemodels/ HTTP/1.1" 200 3622 (2016-12-02 21:08:44; basehttp.py:131)
INFO:django.server: "GET /eshop/phonemodels/1/ HTTP/1.1" 200 4567 (2016-12-02 21:08:45; basehttp.py:131)
INFO:django.server: "GET /eshop/phonemodels/1/ HTTP/1.1" 200 4567 (2016-12-02 21:11:17; basehttp.py:131)
INFO:django.server: "GET /static/eshop/favicon/gremlin.ico HTTP/1.1" 200 166727 (2016-12-02 21:11:17; basehttp.py:131)
INFO:django.server: "GET /eshop/ HTTP/1.1" 200 3286 (2016-12-02 21:11:17; basehttp.py:131)
INFO:django.server: "GET /static/eshop/images/smart-phone.jpg HTTP/1.1" 304 0 (2016-12-02 21:11:17; basehttp.py:131)
INFO:django.server: "GET /eshop/manufacturers/ HTTP/1.1" 200 3638 (2016-12-02 21:11:20; basehttp.py:131)
INFO:django.server: "GET /eshop/phonemodels/ HTTP/1.1" 200 3622 (2016-12-02 21:11:21; basehttp.py:131)
INFO:django.server: "GET /eshop/phonemodels/1/ HTTP/1.1" 200 4567 (2016-12-02 21:11:23; basehttp.py:131)
INFO:django.server: "GET /eshop/manufacturers/ HTTP/1.1" 200 3638 (2016-12-02 21:11:29; basehttp.py:131)
INFO:django.server: "GET /eshop/ HTTP/1.1" 200 3286 (2016-12-02 21:11:30; basehttp.py:131)
INFO:django.server: "GET /eshop/manufacturers/ HTTP/1.1" 200 3638 (2016-12-02 21:18:55; basehttp.py:131)
INFO:django.server: "GET /static/eshop/style.css HTTP/1.1" 304 0 (2016-12-02 21:18:55; basehttp.py:131)
INFO:django.server: "GET /eshop/phonemodels/ HTTP/1.1" 200 3622 (2016-12-02 21:18:56; basehttp.py:131)
DEBUG:eshop.views: blah blah blah (2016-12-02 21:25:35; views.py:15)
WARNING:eshop.views: It is a warning (2016-12-02 21:25:35; views.py:16)
ERROR:eshop.views: All is broken (2016-12-02 21:25:35; views.py:17)
INFO:django.server: "GET /eshop/ HTTP/1.1" 200 3286 (2016-12-02 21:25:49; basehttp.py:131)
INFO:django.server: "GET /static/eshop/images/smart-phone.jpg HTTP/1.1" 304 0 (2016-12-02 21:25:49; basehttp.py:131)
INFO:django.server: "GET /eshop/manufacturers/ HTTP/1.1" 200 3638 (2016-12-02 21:25:50; basehttp.py:131)
INFO:django.server: "GET /eshop/phonemodels/ HTTP/1.1" 200 3622 (2016-12-02 21:25:51; basehttp.py:131)
INFO:django.server: "GET /eshop/phonemodels/1/ HTTP/1.1" 200 4008 (2016-12-02 21:25:52; basehttp.py:131)
INFO:django.server: "GET /eshop/phonemodels/1/ HTTP/1.1" 200 4008 (2016-12-02 21:26:00; basehttp.py:131)
INFO:django.server: "GET /static/eshop/images/background.jpg HTTP/1.1" 304 0 (2016-12-02 21:26:00; basehttp.py:131)
INFO:django.server: "GET /static/eshop/favicon/gremlin.ico HTTP/1.1" 200 166727 (2016-12-02 21:26:00; basehttp.py:131)
INFO:django.server: "GET /eshop/phonemodels/1/ HTTP/1.1" 200 4008 (2016-12-02 21:26:08; basehttp.py:131)
INFO:django.server: "GET /static/eshop/favicon/gremlin.ico HTTP/1.1" 200 166727 (2016-12-02 21:26:08; basehttp.py:131)
INFO:django.server: "GET /eshop/phonemodels/1/ HTTP/1.1" 200 4008 (2016-12-02 21:26:10; basehttp.py:131)
INFO:django.server: "GET /static/eshop/favicon/gremlin.ico HTTP/1.1" 200 166727 (2016-12-02 21:26:10; basehttp.py:131)
DEBUG:eshop.views: blah blah blah (2016-12-02 21:28:38; views.py:15)
WARNING:eshop.views: It is a warning (2016-12-02 21:28:38; views.py:16)
ERROR:eshop.views: All is broken (2016-12-02 21:28:38; views.py:17)
ERROR:django.request: Internal Server Error: /eshop/phonemodels/1/ (2016-12-02 21:28:43; exception.py:124)
Traceback (most recent call last):
  File "/home/alexander/Downloads/Virten/DENV35/lib/python3.5/site-packages/django/core/handlers/exception.py", line 39, in inner
    response = get_response(request)
  File "/home/alexander/Downloads/Virten/DENV35/lib/python3.5/site-packages/django/core/handlers/base.py", line 187, in _get_response
    response = self.process_exception_by_middleware(e, request)
  File "/home/alexander/Downloads/Virten/DENV35/lib/python3.5/site-packages/django/core/handlers/base.py", line 185, in _get_response
    response = wrapped_callback(request, *callback_args, **callback_kwargs)
  File "/home/alexander/Downloads/From GIT/tceh_mainproject/eshop_project/eshop/views.py", line 51, in phonemodel_detail
    phone_detail = PhoneProductForm(instance=PhoneProduct.objects.get(pk=phonemodel_id).values())
AttributeError: 'PhoneProduct' object has no attribute 'values'
ERROR:django.server: "GET /eshop/phonemodels/1/ HTTP/1.1" 500 75174 (2016-12-02 21:28:43; basehttp.py:131)
DEBUG:eshop.views: blah blah blah (2016-12-02 21:29:01; views.py:15)
WARNING:eshop.views: It is a warning (2016-12-02 21:29:01; views.py:16)
ERROR:eshop.views: All is broken (2016-12-02 21:29:01; views.py:17)
INFO:django.server: "GET /eshop/phonemodels/1/ HTTP/1.1" 200 4008 (2016-12-02 21:29:06; basehttp.py:131)
INFO:django.server: "GET /static/eshop/style.css HTTP/1.1" 304 0 (2016-12-02 21:29:06; basehttp.py:131)
INFO:django.server: "GET /static/eshop/favicon/gremlin.ico HTTP/1.1" 200 166727 (2016-12-02 21:29:06; basehttp.py:131)
INFO:django.server: "GET /eshop/phonemodels/ HTTP/1.1" 200 3622 (2016-12-02 21:29:09; basehttp.py:131)
INFO:django.server: "GET /eshop/phonemodels/2/ HTTP/1.1" 200 4020 (2016-12-02 21:29:10; basehttp.py:131)
INFO:django.server: "GET /eshop/phonemodels/ HTTP/1.1" 200 3622 (2016-12-02 21:29:11; basehttp.py:131)
INFO:django.server: "GET /eshop/phonemodels/1/ HTTP/1.1" 200 4008 (2016-12-02 21:29:12; basehttp.py:131)
INFO:django.server: "GET /eshop/phonemodels/ HTTP/1.1" 200 3622 (2016-12-02 21:29:13; basehttp.py:131)
INFO:django.server: "GET /eshop/phonemodels/3/ HTTP/1.1" 200 4016 (2016-12-02 21:29:14; basehttp.py:131)
DEBUG:eshop.views: blah blah blah (2016-12-02 21:30:58; views.py:15)
WARNING:eshop.views: It is a warning (2016-12-02 21:30:58; views.py:16)
ERROR:eshop.views: All is broken (2016-12-02 21:30:58; views.py:17)
DEBUG:eshop.views: blah blah blah (2016-12-02 21:33:33; views.py:15)
WARNING:eshop.views: It is a warning (2016-12-02 21:33:33; views.py:16)
ERROR:eshop.views: All is broken (2016-12-02 21:33:33; views.py:17)
INFO:django.server: "GET /eshop/phonemodels/3/ HTTP/1.1" 200 4438 (2016-12-02 21:34:16; basehttp.py:131)
INFO:django.server: "GET /static/eshop/favicon/gremlin.ico HTTP/1.1" 200 166727 (2016-12-02 21:34:16; basehttp.py:131)
INFO:django.server: "GET /eshop/phonemodels/3/ HTTP/1.1" 200 4477 (2016-12-02 21:35:14; basehttp.py:131)
INFO:django.server: "GET /static/eshop/favicon/gremlin.ico HTTP/1.1" 200 166727 (2016-12-02 21:35:14; basehttp.py:131)
INFO:django.server: "GET /eshop/phonemodels/3/ HTTP/1.1" 200 4477 (2016-12-02 21:35:29; basehttp.py:131)
INFO:django.server: "GET /static/eshop/favicon/gremlin.ico HTTP/1.1" 200 166727 (2016-12-02 21:35:29; basehttp.py:131)
INFO:django.server: "GET /eshop/phonemodels/3/ HTTP/1.1" 200 4503 (2016-12-02 21:35:31; basehttp.py:131)
INFO:django.server: "GET /static/eshop/favicon/gremlin.ico HTTP/1.1" 200 166727 (2016-12-02 21:35:31; basehttp.py:131)
INFO:django.server: "GET /eshop/phonemodels/3/ HTTP/1.1" 200 4503 (2016-12-02 21:36:30; basehttp.py:131)
INFO:django.server: "GET /static/eshop/favicon/gremlin.ico HTTP/1.1" 200 166727 (2016-12-02 21:36:31; basehttp.py:131)
INFO:django.server: "GET /eshop/phonemodels/3/ HTTP/1.1" 200 4363 (2016-12-02 21:37:45; basehttp.py:131)
INFO:django.server: "GET /static/eshop/favicon/gremlin.ico HTTP/1.1" 200 166727 (2016-12-02 21:37:45; basehttp.py:131)
INFO:django.server: "GET /eshop/phonemodels/3/ HTTP/1.1" 200 4363 (2016-12-02 21:37:46; basehttp.py:131)
INFO:django.server: "GET /static/eshop/favicon/gremlin.ico HTTP/1.1" 200 166727 (2016-12-02 21:37:46; basehttp.py:131)
INFO:django.server: "GET /eshop/phonemodels/3/ HTTP/1.1" 200 4363 (2016-12-02 21:37:51; basehttp.py:131)
INFO:django.server: "GET /static/eshop/favicon/gremlin.ico HTTP/1.1" 200 166727 (2016-12-02 21:37:51; basehttp.py:131)
INFO:django.server: "GET /eshop/phonemodels/3/ HTTP/1.1" 200 4477 (2016-12-02 21:37:57; basehttp.py:131)
INFO:django.server: "GET /static/eshop/favicon/gremlin.ico HTTP/1.1" 200 166727 (2016-12-02 21:37:57; basehttp.py:131)
DEBUG:eshop.views: blah blah blah (2016-12-02 21:39:31; views.py:15)
WARNING:eshop.views: It is a warning (2016-12-02 21:39:31; views.py:16)
ERROR:eshop.views: All is broken (2016-12-02 21:39:31; views.py:17)
ERROR:django.request: Internal Server Error: /eshop/phonemodels/3/ (2016-12-02 21:39:32; exception.py:124)
Traceback (most recent call last):
  File "/home/alexander/Downloads/Virten/DENV35/lib/python3.5/site-packages/django/core/handlers/exception.py", line 39, in inner
    response = get_response(request)
  File "/home/alexander/Downloads/Virten/DENV35/lib/python3.5/site-packages/django/core/handlers/base.py", line 187, in _get_response
    response = self.process_exception_by_middleware(e, request)
  File "/home/alexander/Downloads/Virten/DENV35/lib/python3.5/site-packages/django/core/handlers/base.py", line 185, in _get_response
    response = wrapped_callback(request, *callback_args, **callback_kwargs)
  File "/home/alexander/Downloads/From GIT/tceh_mainproject/eshop_project/eshop/views.py", line 54, in phonemodel_detail
    phone_detail = PhoneProductForm(initial=model)
  File "/home/alexander/Downloads/Virten/DENV35/lib/python3.5/site-packages/django/forms/models.py", line 285, in __init__
    object_data.update(initial)
TypeError: 'PhoneProduct' object is not iterable
ERROR:django.server: "GET /eshop/phonemodels/3/ HTTP/1.1" 500 81112 (2016-12-02 21:39:32; basehttp.py:131)
DEBUG:eshop.views: blah blah blah (2016-12-02 21:40:22; views.py:15)
WARNING:eshop.views: It is a warning (2016-12-02 21:40:22; views.py:16)
ERROR:eshop.views: All is broken (2016-12-02 21:40:22; views.py:17)
INFO:django.server: "GET /eshop/phonemodels/3/ HTTP/1.1" 200 4630 (2016-12-02 21:40:22; basehttp.py:131)
INFO:django.server: "GET /static/eshop/favicon/gremlin.ico HTTP/1.1" 200 166727 (2016-12-02 21:40:22; basehttp.py:131)
INFO:django.server: "GET /eshop/ HTTP/1.1" 200 3286 (2016-12-02 21:40:29; basehttp.py:131)
INFO:django.server: "GET /static/eshop/images/smart-phone.jpg HTTP/1.1" 304 0 (2016-12-02 21:40:29; basehttp.py:131)
INFO:django.server: "GET /eshop/manufacturers/ HTTP/1.1" 200 3638 (2016-12-02 21:40:36; basehttp.py:131)
INFO:django.server: "GET /eshop/manufacturers/1/ HTTP/1.1" 200 3419 (2016-12-02 21:40:37; basehttp.py:131)
INFO:django.server: "GET /eshop/phonemodels/ HTTP/1.1" 200 3622 (2016-12-02 21:40:38; basehttp.py:131)
INFO:django.server: "GET /eshop/phonemodels/2/ HTTP/1.1" 200 4673 (2016-12-02 21:40:39; basehttp.py:131)
INFO:django.server: "GET /eshop/ HTTP/1.1" 200 3286 (2016-12-02 21:40:41; basehttp.py:131)
DEBUG:eshop.views: blah blah blah (2016-12-02 21:42:07; views.py:15)
WARNING:eshop.views: It is a warning (2016-12-02 21:42:07; views.py:16)
ERROR:eshop.views: All is broken (2016-12-02 21:42:07; views.py:17)
DEBUG:eshop.views: blah blah blah (2016-12-02 21:44:57; views.py:13)
WARNING:eshop.views: It is a warning (2016-12-02 21:44:57; views.py:14)
ERROR:eshop.views: All is broken (2016-12-02 21:44:57; views.py:15)
INFO:django.server: "GET /eshop/ HTTP/1.1" 200 3286 (2016-12-02 21:45:21; basehttp.py:131)
INFO:django.server: "GET /static/eshop/images/smart-phone.jpg HTTP/1.1" 304 0 (2016-12-02 21:45:21; basehttp.py:131)
INFO:django.server: "GET /static/eshop/favicon/gremlin.ico HTTP/1.1" 200 166727 (2016-12-02 21:45:22; basehttp.py:131)
INFO:django.server: "GET /eshop/phonemodels/ HTTP/1.1" 200 3622 (2016-12-02 21:45:22; basehttp.py:131)
INFO:django.server: "GET /eshop/phonemodels/3/ HTTP/1.1" 200 4630 (2016-12-02 21:45:24; basehttp.py:131)
INFO:django.server: "GET /eshop/phonemodels/2/ HTTP/1.1" 200 4673 (2016-12-02 21:45:29; basehttp.py:131)
INFO:django.server: "GET /eshop/manufacturers/ HTTP/1.1" 200 3638 (2016-12-02 21:45:38; basehttp.py:131)
INFO:django.server: "GET /eshop/ HTTP/1.1" 200 3286 (2016-12-02 21:45:39; basehttp.py:131)
INFO:django.server: "GET /eshop/manufacturers/ HTTP/1.1" 200 3638 (2016-12-02 21:48:26; basehttp.py:131)
INFO:django.server: "GET /static/eshop/style.css HTTP/1.1" 304 0 (2016-12-02 21:48:26; basehttp.py:131)
INFO:django.server: "GET /static/eshop/images/background.jpg HTTP/1.1" 304 0 (2016-12-02 21:48:26; basehttp.py:131)
INFO:django.server: "GET /eshop/manufacturers/3/ HTTP/1.1" 200 3738 (2016-12-02 21:48:33; basehttp.py:131)
INFO:django.server: "GET /eshop/phonemodels/ HTTP/1.1" 200 3622 (2016-12-02 21:48:42; basehttp.py:131)
INFO:django.server: "GET /eshop/phonemodels/4/ HTTP/1.1" 200 4955 (2016-12-02 21:48:44; basehttp.py:131)
INFO:django.server: "GET /eshop/phonemodels/4/ HTTP/1.1" 200 5150 (2016-12-02 21:49:21; basehttp.py:131)
INFO:django.server: "GET /static/eshop/favicon/gremlin.ico HTTP/1.1" 200 166727 (2016-12-02 21:49:21; basehttp.py:131)
INFO:django.server: "GET /eshop/phonemodels/4/ HTTP/1.1" 200 4970 (2016-12-02 21:49:45; basehttp.py:131)
INFO:django.server: "GET /static/eshop/favicon/gremlin.ico HTTP/1.1" 200 166727 (2016-12-02 21:49:46; basehttp.py:131)
INFO:django.server: "GET /eshop/phonemodels/4/ HTTP/1.1" 200 4955 (2016-12-02 21:51:03; basehttp.py:131)
INFO:django.server: "GET /static/eshop/favicon/gremlin.ico HTTP/1.1" 200 166727 (2016-12-02 21:51:03; basehttp.py:131)
INFO:django.server: "GET /eshop/phonemodels/4/ HTTP/1.1" 200 4955 (2016-12-02 21:51:06; basehttp.py:131)
INFO:django.server: "GET /static/eshop/favicon/gremlin.ico HTTP/1.1" 200 166727 (2016-12-02 21:51:06; basehttp.py:131)
INFO:django.server: "GET /eshop/phonemodels/4/ HTTP/1.1" 200 4955 (2016-12-02 21:51:06; basehttp.py:131)
INFO:django.server: "GET /static/eshop/favicon/gremlin.ico HTTP/1.1" 200 166727 (2016-12-02 21:51:07; basehttp.py:131)
INFO:django.server: "GET /eshop/phonemodels/4/ HTTP/1.1" 200 4955 (2016-12-02 21:51:07; basehttp.py:131)
INFO:django.server: "GET /static/eshop/favicon/gremlin.ico HTTP/1.1" 200 166727 (2016-12-02 21:51:08; basehttp.py:131)
INFO:django.server: "GET /eshop/phonemodels/4/ HTTP/1.1" 200 4955 (2016-12-02 21:51:08; basehttp.py:131)
INFO:django.server: "GET /static/eshop/favicon/gremlin.ico HTTP/1.1" 200 166727 (2016-12-02 21:51:08; basehttp.py:131)
INFO:django.server: "GET /eshop/phonemodels/4/ HTTP/1.1" 200 4955 (2016-12-02 21:51:18; basehttp.py:131)
INFO:django.server: "GET /static/eshop/favicon/gremlin.ico HTTP/1.1" 200 166727 (2016-12-02 21:51:18; basehttp.py:131)
INFO:django.server: "GET /eshop/phonemodels/4/ HTTP/1.1" 200 4955 (2016-12-02 21:52:34; basehttp.py:131)
INFO:django.server: "GET /static/eshop/favicon/gremlin.ico HTTP/1.1" 200 166727 (2016-12-02 21:52:34; basehttp.py:131)
INFO:django.server: "GET /eshop/phonemodels/4/ HTTP/1.1" 200 4955 (2016-12-02 21:52:35; basehttp.py:131)
INFO:django.server: "GET /static/eshop/favicon/gremlin.ico HTTP/1.1" 200 166727 (2016-12-02 21:52:35; basehttp.py:131)
INFO:django.server: "GET /eshop/phonemodels/4/ HTTP/1.1" 200 4955 (2016-12-02 21:52:35; basehttp.py:131)
INFO:django.server: "GET /static/eshop/favicon/gremlin.ico HTTP/1.1" 200 166727 (2016-12-02 21:52:35; basehttp.py:131)
INFO:django.server: "GET /eshop/phonemodels/4/ HTTP/1.1" 200 4955 (2016-12-02 21:52:36; basehttp.py:131)
INFO:django.server: "GET /static/eshop/favicon/gremlin.ico HTTP/1.1" 200 166727 (2016-12-02 21:52:36; basehttp.py:131)
INFO:django.server: "GET /eshop/phonemodels/4/ HTTP/1.1" 200 4955 (2016-12-02 21:52:37; basehttp.py:131)
INFO:django.server: "GET /static/eshop/favicon/gremlin.ico HTTP/1.1" 200 166727 (2016-12-02 21:52:37; basehttp.py:131)
INFO:django.server: "GET /eshop/phonemodels/4/ HTTP/1.1" 200 4955 (2016-12-02 21:52:37; basehttp.py:131)
INFO:django.server: "GET /static/eshop/favicon/gremlin.ico HTTP/1.1" 200 166727 (2016-12-02 21:52:37; basehttp.py:131)
INFO:django.server: "GET /eshop/phonemodels/4/ HTTP/1.1" 200 4955 (2016-12-02 21:56:13; basehttp.py:131)
INFO:django.server: "GET /static/eshop/favicon/gremlin.ico HTTP/1.1" 200 166727 (2016-12-02 21:56:13; basehttp.py:131)
DEBUG:eshop.views: blah blah blah (2016-12-02 21:56:22; views.py:13)
WARNING:eshop.views: It is a warning (2016-12-02 21:56:22; views.py:14)
ERROR:eshop.views: All is broken (2016-12-02 21:56:22; views.py:15)
INFO:django.server: "GET /eshop/phonemodels/4/ HTTP/1.1" 200 4955 (2016-12-02 21:56:24; basehttp.py:131)
INFO:django.server: "GET /static/eshop/favicon/gremlin.ico HTTP/1.1" 200 166727 (2016-12-02 21:56:25; basehttp.py:131)
INFO:django.server: "GET /eshop/phonemodels/4/ HTTP/1.1" 200 4978 (2016-12-02 21:58:33; basehttp.py:131)
INFO:django.server: "GET /static/eshop/favicon/gremlin.ico HTTP/1.1" 200 166727 (2016-12-02 21:58:34; basehttp.py:131)
INFO:django.server: "GET /eshop/phonemodels/4/ HTTP/1.1" 200 4984 (2016-12-02 21:59:17; basehttp.py:131)
INFO:django.server: "GET /static/eshop/favicon/gremlin.ico HTTP/1.1" 200 166727 (2016-12-02 21:59:17; basehttp.py:131)
INFO:django.server: "GET /eshop/phonemodels/4/ HTTP/1.1" 200 4957 (2016-12-02 21:59:42; basehttp.py:131)
INFO:django.server: "GET /static/eshop/favicon/gremlin.ico HTTP/1.1" 200 166727 (2016-12-02 21:59:42; basehttp.py:131)
INFO:django.server: "GET /eshop/phonemodels/4/ HTTP/1.1" 200 5399 (2016-12-02 22:01:37; basehttp.py:131)
INFO:django.server: "GET /static/eshop/favicon/gremlin.ico HTTP/1.1" 200 166727 (2016-12-02 22:01:37; basehttp.py:131)
INFO:django.server: "GET /eshop/phonemodels/4/ HTTP/1.1" 200 5399 (2016-12-02 22:02:16; basehttp.py:131)
INFO:django.server: "GET /static/eshop/favicon/gremlin.ico HTTP/1.1" 200 166727 (2016-12-02 22:02:17; basehttp.py:131)
INFO:django.server: "GET /eshop/phonemodels/4/ HTTP/1.1" 200 5399 (2016-12-02 22:02:20; basehttp.py:131)
INFO:django.server: "GET /static/eshop/favicon/gremlin.ico HTTP/1.1" 200 166727 (2016-12-02 22:02:20; basehttp.py:131)
INFO:django.server: "GET /eshop/phonemodels/4/ HTTP/1.1" 200 5399 (2016-12-02 22:02:32; basehttp.py:131)
INFO:django.server: "GET /static/eshop/favicon/gremlin.ico HTTP/1.1" 200 166727 (2016-12-02 22:02:32; basehttp.py:131)
INFO:django.server: "GET /eshop/phonemodels/4/ HTTP/1.1" 200 5399 (2016-12-02 22:06:05; basehttp.py:131)
INFO:django.server: "GET /static/eshop/favicon/gremlin.ico HTTP/1.1" 200 166727 (2016-12-02 22:06:06; basehttp.py:131)
INFO:django.server: "GET /eshop/phonemodels/4/ HTTP/1.1" 200 5594 (2016-12-02 22:06:57; basehttp.py:131)
INFO:django.server: "GET /static/eshop/favicon/gremlin.ico HTTP/1.1" 200 166727 (2016-12-02 22:06:57; basehttp.py:131)
INFO:django.server: "GET /eshop/manufacturers/ HTTP/1.1" 200 3611 (2016-12-02 22:07:08; basehttp.py:131)
INFO:django.server: "GET /eshop/phonemodels/ HTTP/1.1" 200 3595 (2016-12-02 22:07:10; basehttp.py:131)
INFO:django.server: "GET /eshop/manufacturers/ HTTP/1.1" 200 3611 (2016-12-02 22:07:11; basehttp.py:131)
INFO:django.server: "GET /eshop/phonemodels/ HTTP/1.1" 200 3595 (2016-12-02 22:07:12; basehttp.py:131)
INFO:django.server: "GET /eshop/ HTTP/1.1" 200 3259 (2016-12-02 22:07:13; basehttp.py:131)
INFO:django.server: "GET /static/eshop/images/smart-phone.jpg HTTP/1.1" 304 0 (2016-12-02 22:07:13; basehttp.py:131)
INFO:django.server: "GET /eshop/ HTTP/1.1" 200 3261 (2016-12-02 22:18:06; basehttp.py:131)
INFO:django.server: "GET /static/eshop/style.css HTTP/1.1" 200 692 (2016-12-02 22:18:07; basehttp.py:131)
INFO:django.server: "GET /static/eshop/images/BeFunkyDesign.png HTTP/1.1" 200 1173926 (2016-12-02 22:18:07; basehttp.py:131)
INFO:django.server: "GET /static/eshop/images/background.jpg HTTP/1.1" 304 0 (2016-12-02 22:18:07; basehttp.py:131)
INFO:django.server: "GET /static/eshop/favicon/gremlin.ico HTTP/1.1" 200 166727 (2016-12-02 22:18:07; basehttp.py:131)
INFO:django.server: "GET /eshop/manufacturers/ HTTP/1.1" 200 3611 (2016-12-02 22:18:49; basehttp.py:131)
INFO:django.server: "GET /eshop/phonemodels/ HTTP/1.1" 200 3595 (2016-12-02 22:18:50; basehttp.py:131)
INFO:django.server: "GET /eshop/phonemodels/1/ HTTP/1.1" 200 5659 (2016-12-02 22:18:51; basehttp.py:131)
DEBUG:eshop.views: blah blah blah (2016-12-03 00:29:31; views.py:13)
WARNING:eshop.views: It is a warning (2016-12-03 00:29:31; views.py:14)
ERROR:eshop.views: All is broken (2016-12-03 00:29:31; views.py:15)
DEBUG:eshop.views: blah blah blah (2016-12-03 00:31:42; views.py:13)
WARNING:eshop.views: It is a warning (2016-12-03 00:31:42; views.py:14)
ERROR:eshop.views: All is broken (2016-12-03 00:31:42; views.py:15)
DEBUG:eshop.views: blah blah blah (2016-12-03 00:32:39; views.py:13)
WARNING:eshop.views: It is a warning (2016-12-03 00:32:39; views.py:14)
ERROR:eshop.views: All is broken (2016-12-03 00:32:39; views.py:15)
WARNING:django.server: "GET / HTTP/1.1" 404 2247 (2016-12-03 00:33:05; basehttp.py:131)
WARNING:django.server: "GET /favicon.ico HTTP/1.1" 404 2280 (2016-12-03 00:33:05; basehttp.py:131)
INFO:django.server: "GET /eshop HTTP/1.1" 301 0 (2016-12-03 00:33:35; basehttp.py:131)
INFO:django.server: "GET /eshop/ HTTP/1.1" 200 3261 (2016-12-03 00:33:35; basehttp.py:131)
INFO:django.server: "GET /static/eshop/style.css HTTP/1.1" 200 692 (2016-12-03 00:33:35; basehttp.py:131)
INFO:django.server: "GET /static/eshop/images/BeFunkyDesign.png HTTP/1.1" 200 1173926 (2016-12-03 00:33:35; basehttp.py:131)
INFO:django.server: "GET /static/eshop/images/background.jpg HTTP/1.1" 200 131571 (2016-12-03 00:33:35; basehttp.py:131)
INFO:django.server: "GET /static/eshop/favicon/gremlin.ico HTTP/1.1" 200 166727 (2016-12-03 00:33:35; basehttp.py:131)
INFO:django.server: "GET /eshop/manufacturers/ HTTP/1.1" 200 3611 (2016-12-03 00:33:40; basehttp.py:131)
INFO:django.server: "GET /eshop/phonemodels/ HTTP/1.1" 200 3595 (2016-12-03 00:33:41; basehttp.py:131)
DEBUG:eshop.views: blah blah blah (2016-12-03 00:34:31; views.py:13)
WARNING:eshop.views: It is a warning (2016-12-03 00:34:31; views.py:14)
ERROR:eshop.views: All is broken (2016-12-03 00:34:31; views.py:15)
DEBUG:eshop.views: blah blah blah (2016-12-03 00:34:57; views.py:13)
WARNING:eshop.views: It is a warning (2016-12-03 00:34:57; views.py:14)
ERROR:eshop.views: All is broken (2016-12-03 00:34:57; views.py:15)
DEBUG:eshop.views: blah blah blah (2016-12-03 00:36:05; views.py:13)
WARNING:eshop.views: It is a warning (2016-12-03 00:36:05; views.py:14)
ERROR:eshop.views: All is broken (2016-12-03 00:36:05; views.py:15)
DEBUG:eshop.views: blah blah blah (2016-12-03 00:36:49; views.py:13)
WARNING:eshop.views: It is a warning (2016-12-03 00:36:49; views.py:14)
ERROR:eshop.views: All is broken (2016-12-03 00:36:49; views.py:15)
ERROR:django.security.DisallowedHost: Invalid HTTP_HOST header: '192.168.1.28:8000'. You may need to add '192.168.1.28' to ALLOWED_HOSTS. (2016-12-03 00:38:56; exception.py:73)
WARNING:django.server: "GET / HTTP/1.1" 400 70353 (2016-12-03 00:38:56; basehttp.py:131)
DEBUG:eshop.views: blah blah blah (2016-12-03 00:39:47; views.py:13)
WARNING:eshop.views: It is a warning (2016-12-03 00:39:47; views.py:14)
ERROR:eshop.views: All is broken (2016-12-03 00:39:47; views.py:15)
WARNING:django.server: "GET / HTTP/1.1" 404 2255 (2016-12-03 00:39:48; basehttp.py:131)
INFO:django.server: "GET /eshop HTTP/1.1" 301 0 (2016-12-03 00:39:58; basehttp.py:131)
INFO:django.server: "GET /eshop/ HTTP/1.1" 200 3261 (2016-12-03 00:39:58; basehttp.py:131)
INFO:django.server: "GET /static/eshop/style.css HTTP/1.1" 200 692 (2016-12-03 00:39:58; basehttp.py:131)
INFO:django.server: "GET /static/eshop/images/background.jpg HTTP/1.1" 200 131571 (2016-12-03 00:39:59; basehttp.py:131)
INFO:django.server: "GET /static/eshop/images/BeFunkyDesign.png HTTP/1.1" 200 1173926 (2016-12-03 00:39:59; basehttp.py:131)
INFO:django.server: "GET /eshop/manufacturers/ HTTP/1.1" 200 3611 (2016-12-03 00:40:10; basehttp.py:131)
INFO:django.server: "GET /eshop/manufacturers/1/ HTTP/1.1" 200 3392 (2016-12-03 00:40:12; basehttp.py:131)
INFO:django.server: "GET /eshop/ HTTP/1.1" 200 3261 (2016-12-03 00:40:15; basehttp.py:131)
INFO:django.server: "GET /eshop/manufacturers/ HTTP/1.1" 200 3611 (2016-12-03 00:40:23; basehttp.py:131)
INFO:django.server: "GET /eshop/manufacturers/1/ HTTP/1.1" 200 3392 (2016-12-03 00:40:26; basehttp.py:131)
INFO:django.server: "GET /eshop/phonemodels/ HTTP/1.1" 200 3595 (2016-12-03 00:40:30; basehttp.py:131)
INFO:django.server: "GET /eshop/phonemodels/2/ HTTP/1.1" 200 5312 (2016-12-03 00:40:33; basehttp.py:131)
INFO:django.server: "GET /eshop/manufacturers/ HTTP/1.1" 200 3611 (2016-12-03 00:40:47; basehttp.py:131)
INFO:django.server: "GET /eshop/manufacturers/4/ HTTP/1.1" 200 3992 (2016-12-03 00:40:49; basehttp.py:131)
INFO:django.server: "GET /eshop/ HTTP/1.1" 200 3261 (2016-12-03 00:40:52; basehttp.py:131)
INFO:django.server: "GET /eshop/phonemodels/ HTTP/1.1" 200 3595 (2016-12-03 00:41:07; basehttp.py:131)
INFO:django.server: "GET /eshop/phonemodels/2/ HTTP/1.1" 200 5312 (2016-12-03 00:41:09; basehttp.py:131)
INFO:django.server: "GET /eshop/ HTTP/1.1" 200 3261 (2016-12-03 00:41:17; basehttp.py:131)
DEBUG:eshop.views: blah blah blah (2016-12-03 00:44:26; views.py:13)
WARNING:eshop.views: It is a warning (2016-12-03 00:44:26; views.py:14)
ERROR:eshop.views: All is broken (2016-12-03 00:44:26; views.py:15)
WARNING:django.server: "GET / HTTP/1.1" 404 2255 (2016-12-03 00:52:15; basehttp.py:131)
INFO:django.server: "GET /eshop HTTP/1.1" 301 0 (2016-12-03 00:52:26; basehttp.py:131)
INFO:django.server: "GET /eshop/ HTTP/1.1" 200 3261 (2016-12-03 00:52:26; basehttp.py:131)
INFO:django.server: "GET /static/eshop/style.css HTTP/1.1" 200 692 (2016-12-03 00:52:26; basehttp.py:131)
INFO:django.server: "GET /static/eshop/images/background.jpg HTTP/1.1" 200 131571 (2016-12-03 00:52:28; basehttp.py:131)
INFO:django.server: "GET /static/eshop/images/BeFunkyDesign.png HTTP/1.1" 200 1173926 (2016-12-03 00:52:28; basehttp.py:131)
INFO:django.server: "GET /eshop/manufacturers/ HTTP/1.1" 200 3611 (2016-12-03 00:52:43; basehttp.py:131)
INFO:django.server: "GET /eshop/manufacturers/1/ HTTP/1.1" 200 3392 (2016-12-03 00:52:45; basehttp.py:131)
INFO:django.server: "GET /eshop/ HTTP/1.1" 200 3261 (2016-12-03 00:52:55; basehttp.py:131)
INFO:django.server: "GET /eshop/manufacturers/ HTTP/1.1" 200 3611 (2016-12-03 00:53:00; basehttp.py:131)
INFO:django.server: "GET /eshop/phonemodels/ HTTP/1.1" 200 3595 (2016-12-03 00:53:01; basehttp.py:131)
INFO:django.server: "GET /eshop/phonemodels/3/ HTTP/1.1" 200 5269 (2016-12-03 00:53:04; basehttp.py:131)
INFO:django.server: "GET /eshop/phonemodels/ HTTP/1.1" 200 3595 (2016-12-03 00:53:14; basehttp.py:131)
INFO:django.server: "GET /eshop/manufacturers/ HTTP/1.1" 200 3611 (2016-12-03 00:53:19; basehttp.py:131)
INFO:django.server: "GET /eshop/phonemodels/ HTTP/1.1" 200 3595 (2016-12-03 00:53:21; basehttp.py:131)
INFO:django.server: "GET /eshop/ HTTP/1.1" 200 3261 (2016-12-03 00:53:29; basehttp.py:131)
INFO:django.server: "GET /eshop/manufacturers/ HTTP/1.1" 200 3611 (2016-12-03 00:53:31; basehttp.py:131)
INFO:django.server: "GET /eshop/phonemodels/ HTTP/1.1" 200 3595 (2016-12-03 00:53:32; basehttp.py:131)
INFO:django.server: "GET /eshop/manufacturers/ HTTP/1.1" 200 3611 (2016-12-03 00:53:36; basehttp.py:131)
INFO:django.server: "GET /eshop/phonemodels/ HTTP/1.1" 200 3595 (2016-12-03 00:53:37; basehttp.py:131)
INFO:django.server: "GET /eshop/ HTTP/1.1" 200 3261 (2016-12-03 00:53:39; basehttp.py:131)
INFO:django.server: "GET /eshop/?q= HTTP/1.1" 200 3261 (2016-12-03 00:53:47; basehttp.py:131)
INFO:django.server: "GET /eshop/phonemodels/ HTTP/1.1" 200 3595 (2016-12-03 00:54:03; basehttp.py:131)
DEBUG:eshop.views: blah blah blah (2016-12-06 20:57:30; views.py:17)
WARNING:eshop.views: It is a warning (2016-12-06 20:57:30; views.py:18)
ERROR:eshop.views: All is broken (2016-12-06 20:57:30; views.py:19)
INFO:django.server: "GET /eshop/ HTTP/1.1" 200 4365 (2016-12-06 20:57:43; basehttp.py:131)
INFO:django.server: "GET /static/eshop/style.css HTTP/1.1" 200 981 (2016-12-06 20:57:43; basehttp.py:131)
INFO:django.server: "GET /static/eshop/img/BeFunkyDesign.png HTTP/1.1" 200 1173926 (2016-12-06 20:57:43; basehttp.py:131)
INFO:django.server: "GET /eshop/phonemodels/ HTTP/1.1" 200 4701 (2016-12-06 20:57:46; basehttp.py:131)
INFO:django.server: "GET /eshop/register/ HTTP/1.1" 200 6068 (2016-12-06 20:57:47; basehttp.py:131)
INFO:django.server: "POST /eshop/register/ HTTP/1.1" 302 0 (2016-12-06 20:58:08; basehttp.py:131)
INFO:django.server: "GET /eshop/ HTTP/1.1" 200 4352 (2016-12-06 20:58:08; basehttp.py:131)
INFO:django.server: "GET /eshop/logout/ HTTP/1.1" 200 4365 (2016-12-06 20:58:11; basehttp.py:131)
INFO:django.server: "GET /eshop/login/ HTTP/1.1" 200 6023 (2016-12-06 20:58:13; basehttp.py:131)
INFO:django.server: "POST /eshop/login/ HTTP/1.1" 302 0 (2016-12-06 20:58:20; basehttp.py:131)
INFO:django.server: "GET /eshop/ HTTP/1.1" 200 4352 (2016-12-06 20:58:20; basehttp.py:131)
INFO:django.server: "GET /eshop/logout/ HTTP/1.1" 200 4365 (2016-12-06 20:58:23; basehttp.py:131)
INFO:django.server: "GET /eshop/ HTTP/1.1" 200 4365 (2016-12-06 20:58:39; basehttp.py:131)
INFO:django.server: "GET /eshop/ HTTP/1.1" 200 4365 (2016-12-06 21:09:29; basehttp.py:131)
INFO:django.server: "GET /eshop/login/ HTTP/1.1" 200 6023 (2016-12-06 21:09:31; basehttp.py:131)
INFO:django.server: "POST /eshop/login/ HTTP/1.1" 302 0 (2016-12-06 21:09:33; basehttp.py:131)
INFO:django.server: "GET /eshop/ HTTP/1.1" 200 4352 (2016-12-06 21:09:33; basehttp.py:131)
INFO:django.server: "GET /eshop/order_created HTTP/1.1" 301 0 (2016-12-06 21:09:45; basehttp.py:131)
INFO:django.server: "GET /eshop/order_created/ HTTP/1.1" 200 4363 (2016-12-06 21:09:45; basehttp.py:131)
INFO:django.server: "GET /static/eshop/img/success.jpg HTTP/1.1" 200 288666 (2016-12-06 21:09:45; basehttp.py:131)
INFO:django.server: "GET /eshop/makeorder/ HTTP/1.1" 200 7745 (2016-12-06 21:09:56; basehttp.py:131)
INFO:django.server: "GET /eshop/ HTTP/1.1" 200 4352 (2016-12-06 21:10:11; basehttp.py:131)
INFO:django.server: "GET /eshop/register/ HTTP/1.1" 200 6055 (2016-12-06 21:17:28; basehttp.py:131)
INFO:django.server: "GET /static/eshop/style.css HTTP/1.1" 304 0 (2016-12-06 21:17:28; basehttp.py:131)
INFO:django.server: "GET /eshop/ HTTP/1.1" 200 4352 (2016-12-06 21:17:36; basehttp.py:131)
INFO:django.server: "GET /static/eshop/img/BeFunkyDesign.png HTTP/1.1" 304 0 (2016-12-06 21:17:36; basehttp.py:131)
DEBUG:eshop.views: blah blah blah (2016-12-06 21:19:35; views.py:17)
WARNING:eshop.views: It is a warning (2016-12-06 21:19:35; views.py:18)
ERROR:eshop.views: All is broken (2016-12-06 21:19:35; views.py:19)
INFO:django.server: "GET /eshop/order_created/ HTTP/1.1" 200 4363 (2016-12-06 21:19:47; basehttp.py:131)
INFO:django.server: "GET /eshop/makeorder/ HTTP/1.1" 200 7745 (2016-12-06 21:20:00; basehttp.py:131)
INFO:django.server: "GET /eshop/order_created/ HTTP/1.1" 200 4363 (2016-12-06 21:20:07; basehttp.py:131)
INFO:django.server: "GET /eshop/ HTTP/1.1" 200 4352 (2016-12-06 21:20:21; basehttp.py:131)
INFO:django.server: "GET /eshop/ HTTP/1.1" 200 4352 (2016-12-06 21:24:16; basehttp.py:131)
DEBUG:eshop.views: blah blah blah (2016-12-06 21:25:48; views.py:17)
WARNING:eshop.views: It is a warning (2016-12-06 21:25:48; views.py:18)
ERROR:eshop.views: All is broken (2016-12-06 21:25:48; views.py:19)
INFO:django.server: "GET /eshop/ HTTP/1.1" 200 4352 (2016-12-06 21:25:56; basehttp.py:131)
INFO:django.server: "GET /eshop/register/ HTTP/1.1" 200 6061 (2016-12-06 21:26:00; basehttp.py:131)
DEBUG:eshop.views: blah blah blah (2016-12-06 21:26:58; views.py:17)
WARNING:eshop.views: It is a warning (2016-12-06 21:26:58; views.py:18)
ERROR:eshop.views: All is broken (2016-12-06 21:26:58; views.py:19)
INFO:django.server: "GET /eshop/register/ HTTP/1.1" 200 6054 (2016-12-06 21:27:03; basehttp.py:131)
INFO:django.server: "GET /static/eshop/favicon/gremlin.ico HTTP/1.1" 200 166727 (2016-12-06 21:27:03; basehttp.py:131)
DEBUG:eshop.views: blah blah blah (2016-12-06 21:28:07; views.py:17)
WARNING:eshop.views: It is a warning (2016-12-06 21:28:07; views.py:18)
ERROR:eshop.views: All is broken (2016-12-06 21:28:07; views.py:19)
ERROR:django.request: Internal Server Error: /eshop/register/ (2016-12-06 21:28:09; exception.py:124)
Traceback (most recent call last):
  File "/home/alexander/Downloads/Virten/DENV35/lib/python3.5/site-packages/django/core/handlers/exception.py", line 39, in inner
    response = get_response(request)
  File "/home/alexander/Downloads/Virten/DENV35/lib/python3.5/site-packages/django/core/handlers/base.py", line 187, in _get_response
    response = self.process_exception_by_middleware(e, request)
  File "/home/alexander/Downloads/Virten/DENV35/lib/python3.5/site-packages/django/core/handlers/base.py", line 185, in _get_response
    response = wrapped_callback(request, *callback_args, **callback_kwargs)
  File "/home/alexander/Downloads/Virten/DENV35/lib/python3.5/site-packages/django/views/generic/base.py", line 68, in view
    return self.dispatch(request, *args, **kwargs)
  File "/home/alexander/Downloads/Virten/DENV35/lib/python3.5/site-packages/django/views/generic/base.py", line 88, in dispatch
    return handler(request, *args, **kwargs)
  File "/home/alexander/Downloads/From GIT/MobShop_project/eshop_project/eshop/views.py", line 99, in get
    form = self.form_class(None)
  File "/home/alexander/Downloads/From GIT/MobShop_project/eshop_project/eshop/forms.py", line 40, in __init__
    self.fields['username', 'password', 'email'].label = ['Логин', 'Пароль', 'Email']
KeyError: ('username', 'password', 'email')
ERROR:django.server: "GET /eshop/register/ HTTP/1.1" 500 88234 (2016-12-06 21:28:09; basehttp.py:131)
WARNING:django.server: "GET /favicon.ico HTTP/1.1" 404 2305 (2016-12-06 21:28:09; basehttp.py:131)
DEBUG:eshop.views: blah blah blah (2016-12-06 21:28:40; views.py:17)
WARNING:eshop.views: It is a warning (2016-12-06 21:28:40; views.py:18)
ERROR:eshop.views: All is broken (2016-12-06 21:28:40; views.py:19)
INFO:django.server: "GET /eshop/register/ HTTP/1.1" 200 6054 (2016-12-06 21:28:45; basehttp.py:131)
INFO:django.server: "GET /static/eshop/favicon/gremlin.ico HTTP/1.1" 200 166727 (2016-12-06 21:28:45; basehttp.py:131)
INFO:django.server: "GET /eshop/ HTTP/1.1" 200 4352 (2016-12-06 21:28:51; basehttp.py:131)
DEBUG:eshop.views: Low level system information for debugging purposes (2016-12-09 18:34:48; views.py:18)
WARNING:eshop.views: Information describing a minor problem that has occurred. (2016-12-09 18:34:48; views.py:19)
ERROR:eshop.views: Information describing a major problem that has occurred. (2016-12-09 18:34:48; views.py:20)
INFO:django.server: "GET /eshop/ HTTP/1.1" 200 4369 (2016-12-09 18:35:00; basehttp.py:131)
INFO:django.server: "GET /static/eshop/style.css HTTP/1.1" 200 985 (2016-12-09 18:35:00; basehttp.py:131)
INFO:django.server: "GET /static/eshop/img/BeFunkyDesign.png HTTP/1.1" 304 0 (2016-12-09 18:35:00; basehttp.py:131)
INFO:django.server: "GET /eshop/manufacturers/ HTTP/1.1" 200 4712 (2016-12-09 18:35:03; basehttp.py:131)
INFO:django.server: "GET /eshop/manufacturers/2/ HTTP/1.1" 200 5037 (2016-12-09 18:35:04; basehttp.py:131)
INFO:django.server: "GET /media/DTEK60_C5HjiD8.jpg HTTP/1.1" 200 73752 (2016-12-09 18:35:05; basehttp.py:131)
INFO:django.server: "GET /static/eshop/favicon/gremlin.ico HTTP/1.1" 304 0 (2016-12-09 18:35:05; basehttp.py:131)
INFO:django.server: "GET /eshop/phonemodels/2/ HTTP/1.1" 200 6383 (2016-12-09 18:35:06; basehttp.py:131)
INFO:django.server: "GET /eshop/manufacturers/ HTTP/1.1" 200 4712 (2016-12-09 18:35:07; basehttp.py:131)
INFO:django.server: "GET /eshop/ HTTP/1.1" 200 4369 (2016-12-09 18:35:09; basehttp.py:131)
INFO:django.server: "GET /eshop/manufacturers/ HTTP/1.1" 200 4712 (2016-12-09 18:35:10; basehttp.py:131)
INFO:django.server: "GET /eshop/manufacturers/2/ HTTP/1.1" 200 5037 (2016-12-09 18:35:12; basehttp.py:131)
INFO:django.server: "GET /eshop/phonemodels/2/ HTTP/1.1" 200 6383 (2016-12-09 18:35:14; basehttp.py:131)
INFO:django.server: "GET /static/eshop/style.css HTTP/1.1" 304 0 (2016-12-09 18:35:14; basehttp.py:131)
INFO:django.server: "GET /eshop/manufacturers/ HTTP/1.1" 200 4712 (2016-12-09 18:35:17; basehttp.py:131)
INFO:django.server: "GET /eshop/manufacturers/4/ HTTP/1.1" 200 5349 (2016-12-09 18:35:19; basehttp.py:131)
INFO:django.server: "GET /media/NOTE7_Nmmzc1m.jpg HTTP/1.1" 200 144825 (2016-12-09 18:35:19; basehttp.py:131)
INFO:django.server: "GET /eshop/phonemodels/3/ HTTP/1.1" 200 6399 (2016-12-09 18:35:20; basehttp.py:131)
INFO:django.server: "GET /eshop/manufacturers/ HTTP/1.1" 200 4712 (2016-12-09 18:35:21; basehttp.py:131)
INFO:django.server: "GET /eshop/manufacturers/1/ HTTP/1.1" 200 5510 (2016-12-09 18:35:23; basehttp.py:131)
INFO:django.server: "GET /media/U20_Tbkmn09.jpg HTTP/1.1" 200 130190 (2016-12-09 18:35:23; basehttp.py:131)
INFO:django.server: "GET /media/U10_KswR9dX.jpg HTTP/1.1" 200 89061 (2016-12-09 18:35:23; basehttp.py:131)
INFO:django.server: "GET /eshop/phonemodels/5/ HTTP/1.1" 200 6366 (2016-12-09 18:35:25; basehttp.py:131)
INFO:django.server: "GET /eshop/manufacturers/ HTTP/1.1" 200 4712 (2016-12-09 18:35:26; basehttp.py:131)
INFO:django.server: "GET /eshop/phonemodels/ HTTP/1.1" 200 4781 (2016-12-09 18:35:27; basehttp.py:131)
INFO:django.server: "GET /eshop/phonemodels/1/ HTTP/1.1" 200 6731 (2016-12-09 18:35:29; basehttp.py:131)
INFO:django.server: "GET /static/eshop/style.css HTTP/1.1" 304 0 (2016-12-09 18:35:29; basehttp.py:131)
INFO:django.server: "GET /eshop/ HTTP/1.1" 200 4369 (2016-12-09 18:35:30; basehttp.py:131)
INFO:django.server: "GET /eshop/logout/ HTTP/1.1" 200 4382 (2016-12-09 18:35:39; basehttp.py:131)
INFO:django.server: "GET /eshop/manufacturers/ HTTP/1.1" 200 4725 (2016-12-09 18:35:50; basehttp.py:131)
INFO:django.server: "GET /static/eshop/style.css HTTP/1.1" 304 0 (2016-12-09 18:35:50; basehttp.py:131)
INFO:django.server: "GET /eshop/manufacturers/2/ HTTP/1.1" 200 5050 (2016-12-09 18:35:52; basehttp.py:131)
INFO:django.server: "GET /media/DTEK60_C5HjiD8.jpg HTTP/1.1" 304 0 (2016-12-09 18:35:52; basehttp.py:131)
INFO:django.server: "GET /admin/ HTTP/1.1" 302 0 (2016-12-09 18:37:19; basehttp.py:131)
INFO:django.server: "GET /admin/login/?next=/admin/ HTTP/1.1" 200 1652 (2016-12-09 18:37:19; basehttp.py:131)
INFO:django.server: "GET /static/admin/css/login.css HTTP/1.1" 304 0 (2016-12-09 18:37:19; basehttp.py:131)
INFO:django.server: "GET /static/admin/css/base.css HTTP/1.1" 304 0 (2016-12-09 18:37:19; basehttp.py:131)
INFO:django.server: "GET /static/admin/css/fonts.css HTTP/1.1" 304 0 (2016-12-09 18:37:19; basehttp.py:131)
INFO:django.server: "GET /static/admin/fonts/Roboto-Regular-webfont.woff HTTP/1.1" 304 0 (2016-12-09 18:37:19; basehttp.py:131)
INFO:django.server: "GET /static/admin/fonts/Roboto-Light-webfont.woff HTTP/1.1" 304 0 (2016-12-09 18:37:19; basehttp.py:131)
WARNING:django.server: "GET /favicon.ico HTTP/1.1" 404 2305 (2016-12-09 18:37:19; basehttp.py:131)
INFO:django.server: "POST /admin/login/?next=/admin/ HTTP/1.1" 302 0 (2016-12-09 18:37:21; basehttp.py:131)
INFO:django.server: "GET /admin/ HTTP/1.1" 200 7306 (2016-12-09 18:37:21; basehttp.py:131)
INFO:django.server: "GET /static/admin/css/dashboard.css HTTP/1.1" 304 0 (2016-12-09 18:37:21; basehttp.py:131)
INFO:django.server: "GET /static/admin/fonts/Roboto-Bold-webfont.woff HTTP/1.1" 304 0 (2016-12-09 18:37:21; basehttp.py:131)
INFO:django.server: "GET /static/admin/img/icon-addlink.svg HTTP/1.1" 304 0 (2016-12-09 18:37:21; basehttp.py:131)
INFO:django.server: "GET /static/admin/img/icon-deletelink.svg HTTP/1.1" 200 392 (2016-12-09 18:37:21; basehttp.py:131)
INFO:django.server: "GET /static/admin/img/icon-changelink.svg HTTP/1.1" 304 0 (2016-12-09 18:37:21; basehttp.py:131)
INFO:django.server: "GET /admin/eshop/phoneproduct/ HTTP/1.1" 200 49367 (2016-12-09 18:37:24; basehttp.py:131)
INFO:django.server: "GET /static/admin/css/changelists.css HTTP/1.1" 304 0 (2016-12-09 18:37:24; basehttp.py:131)
INFO:django.server: "GET /static/admin/css/forms.css HTTP/1.1" 304 0 (2016-12-09 18:37:24; basehttp.py:131)
INFO:django.server: "GET /static/admin/js/vendor/jquery/jquery.js HTTP/1.1" 304 0 (2016-12-09 18:37:24; basehttp.py:131)
INFO:django.server: "GET /static/admin/js/core.js HTTP/1.1" 304 0 (2016-12-09 18:37:24; basehttp.py:131)
INFO:django.server: "GET /static/admin/js/jquery.init.js HTTP/1.1" 304 0 (2016-12-09 18:37:24; basehttp.py:131)
INFO:django.server: "GET /static/admin/js/admin/RelatedObjectLookups.js HTTP/1.1" 304 0 (2016-12-09 18:37:24; basehttp.py:131)
INFO:django.server: "GET /static/admin/js/actions.js HTTP/1.1" 304 0 (2016-12-09 18:37:24; basehttp.py:131)
INFO:django.server: "GET /admin/jsi18n/ HTTP/1.1" 200 3189 (2016-12-09 18:37:24; basehttp.py:131)
INFO:django.server: "GET /static/admin/js/urlify.js HTTP/1.1" 304 0 (2016-12-09 18:37:24; basehttp.py:131)
INFO:django.server: "GET /static/admin/js/vendor/xregexp/xregexp.js HTTP/1.1" 304 0 (2016-12-09 18:37:24; basehttp.py:131)
INFO:django.server: "GET /static/admin/js/prepopulate.js HTTP/1.1" 304 0 (2016-12-09 18:37:24; basehttp.py:131)
INFO:django.server: "GET /static/admin/css/widgets.css HTTP/1.1" 304 0 (2016-12-09 18:37:24; basehttp.py:131)
INFO:django.server: "GET /static/admin/img/search.svg HTTP/1.1" 304 0 (2016-12-09 18:37:24; basehttp.py:131)
INFO:django.server: "GET /static/admin/img/icon-yes.svg HTTP/1.1" 304 0 (2016-12-09 18:37:24; basehttp.py:131)
INFO:django.server: "GET /static/admin/img/tooltag-add.svg HTTP/1.1" 304 0 (2016-12-09 18:37:24; basehttp.py:131)
INFO:django.server: "GET /admin/eshop/phoneproduct/add/ HTTP/1.1" 200 21666 (2016-12-09 18:37:33; basehttp.py:131)
INFO:django.server: "GET /admin/jsi18n/ HTTP/1.1" 200 3189 (2016-12-09 18:37:33; basehttp.py:131)
INFO:django.server: "GET /static/admin/js/change_form.js HTTP/1.1" 304 0 (2016-12-09 18:37:33; basehttp.py:131)
INFO:django.server: "GET /static/admin/js/prepopulate_init.js HTTP/1.1" 304 0 (2016-12-09 18:37:33; basehttp.py:131)
INFO:django.server: "POST /admin/eshop/phoneproduct/add/ HTTP/1.1" 302 0 (2016-12-09 18:40:13; basehttp.py:131)
INFO:django.server: "GET /admin/eshop/phoneproduct/ HTTP/1.1" 200 58069 (2016-12-09 18:40:13; basehttp.py:131)
INFO:django.server: "GET /admin/jsi18n/ HTTP/1.1" 200 3189 (2016-12-09 18:40:13; basehttp.py:131)
INFO:django.server: "GET /eshop/manufacturers/2/ HTTP/1.1" 200 5413 (2016-12-09 18:40:16; basehttp.py:131)
INFO:django.server: "GET /static/eshop/style.css HTTP/1.1" 304 0 (2016-12-09 18:40:17; basehttp.py:131)
INFO:django.server: "GET /media/DTEK60_C5HjiD8.jpg HTTP/1.1" 304 0 (2016-12-09 18:40:17; basehttp.py:131)
INFO:django.server: "GET /media/PASSPORT_ASO2jUN.jpg HTTP/1.1" 200 134419 (2016-12-09 18:40:17; basehttp.py:131)
INFO:django.server: "GET /static/eshop/favicon/gremlin.ico HTTP/1.1" 200 166727 (2016-12-09 18:40:17; basehttp.py:131)
INFO:django.server: "GET /eshop/phonemodels/6/ HTTP/1.1" 200 6388 (2016-12-09 18:40:24; basehttp.py:131)
INFO:django.server: "GET /eshop/manufacturers/ HTTP/1.1" 200 4712 (2016-12-09 18:40:26; basehttp.py:131)
INFO:django.server: "GET /eshop/manufacturers/2/ HTTP/1.1" 200 5413 (2016-12-09 18:40:28; basehttp.py:131)
INFO:django.server: "GET /media/PASSPORT_ASO2jUN.jpg HTTP/1.1" 304 0 (2016-12-09 18:40:28; basehttp.py:131)
INFO:django.server: "GET /eshop/manufacturers/2/ HTTP/1.1" 200 5495 (2016-12-09 18:42:52; basehttp.py:131)
INFO:django.server: "GET /static/eshop/style.css HTTP/1.1" 304 0 (2016-12-09 18:42:52; basehttp.py:131)
INFO:django.server: "GET /media/DTEK60_C5HjiD8.jpg HTTP/1.1" 304 0 (2016-12-09 18:42:52; basehttp.py:131)
INFO:django.server: "GET /media/PASSPORT_ASO2jUN.jpg HTTP/1.1" 304 0 (2016-12-09 18:42:52; basehttp.py:131)
INFO:django.server: "GET /static/eshop/favicon/gremlin.ico HTTP/1.1" 200 166727 (2016-12-09 18:42:53; basehttp.py:131)
INFO:django.server: "GET /eshop/phonemodels/6/ HTTP/1.1" 200 6388 (2016-12-09 18:42:55; basehttp.py:131)
INFO:django.server: "GET /eshop/ HTTP/1.1" 200 4369 (2016-12-09 18:44:30; basehttp.py:131)
INFO:django.server: "GET /static/eshop/style.css HTTP/1.1" 304 0 (2016-12-09 18:44:30; basehttp.py:131)
DEBUG:eshop.views: Low level system information for debugging purposes (2016-12-09 19:00:29; views.py:18)
WARNING:eshop.views: Information describing a minor problem that has occurred. (2016-12-09 19:00:29; views.py:19)
ERROR:eshop.views: Information describing a major problem that has occurred. (2016-12-09 19:00:29; views.py:20)
INFO:django.server: "GET /eshop/ HTTP/1.1" 200 4567 (2016-12-09 19:00:35; basehttp.py:131)
INFO:django.server: "GET /static/eshop/style.css HTTP/1.1" 200 2680 (2016-12-09 19:00:35; basehttp.py:131)
WARNING:django.server: "GET /static/eshop/BebasNeue-webfont.woff HTTP/1.1" 404 1798 (2016-12-09 19:00:35; basehttp.py:131)
WARNING:django.server: "GET /static/eshop/BebasNeue-webfont.ttf HTTP/1.1" 404 1795 (2016-12-09 19:00:35; basehttp.py:131)
INFO:django.server: "GET /eshop/ HTTP/1.1" 200 4567 (2016-12-09 19:02:11; basehttp.py:131)
INFO:django.server: "GET /static/eshop/style.css HTTP/1.1" 304 0 (2016-12-09 19:02:11; basehttp.py:131)
WARNING:django.server: "GET /static/eshop/BebasNeue-webfont.woff HTTP/1.1" 404 1798 (2016-12-09 19:02:11; basehttp.py:131)
WARNING:django.server: "GET /static/eshop/BebasNeue-webfont.ttf HTTP/1.1" 404 1795 (2016-12-09 19:02:11; basehttp.py:131)
INFO:django.server: "GET /static/eshop/favicon/gremlin.ico HTTP/1.1" 200 166727 (2016-12-09 19:02:12; basehttp.py:131)
DEBUG:eshop.views: Low level system information for debugging purposes (2016-12-09 19:02:21; views.py:18)
WARNING:eshop.views: Information describing a minor problem that has occurred. (2016-12-09 19:02:21; views.py:19)
ERROR:eshop.views: Information describing a major problem that has occurred. (2016-12-09 19:02:21; views.py:20)
INFO:django.server: "GET /eshop/ HTTP/1.1" 200 4567 (2016-12-09 19:02:27; basehttp.py:131)
WARNING:django.server: "GET /static/eshop/BebasNeue-webfont.woff HTTP/1.1" 404 1798 (2016-12-09 19:02:27; basehttp.py:131)
WARNING:django.server: "GET /static/eshop/BebasNeue-webfont.ttf HTTP/1.1" 404 1795 (2016-12-09 19:02:27; basehttp.py:131)
INFO:django.server: "GET /static/eshop/favicon/gremlin.ico HTTP/1.1" 200 166727 (2016-12-09 19:02:27; basehttp.py:131)
INFO:django.server: "GET /eshop/ HTTP/1.1" 200 4567 (2016-12-09 19:03:00; basehttp.py:131)
INFO:django.server: "GET /static/eshop/style.css HTTP/1.1" 304 0 (2016-12-09 19:03:00; basehttp.py:131)
WARNING:django.server: "GET /static/eshop/BebasNeue-webfont.woff HTTP/1.1" 404 1798 (2016-12-09 19:03:00; basehttp.py:131)
WARNING:django.server: "GET /static/eshop/BebasNeue-webfont.ttf HTTP/1.1" 404 1795 (2016-12-09 19:03:00; basehttp.py:131)
INFO:django.server: "GET /static/eshop/favicon/gremlin.ico HTTP/1.1" 200 166727 (2016-12-09 19:03:00; basehttp.py:131)
INFO:django.server: "GET /eshop/ HTTP/1.1" 200 4567 (2016-12-09 19:03:05; basehttp.py:131)
WARNING:django.server: "GET /static/eshop/BebasNeue-webfont.woff HTTP/1.1" 404 1798 (2016-12-09 19:03:05; basehttp.py:131)
WARNING:django.server: "GET /static/eshop/BebasNeue-webfont.ttf HTTP/1.1" 404 1795 (2016-12-09 19:03:06; basehttp.py:131)
INFO:django.server: "GET /eshop/makeorder/ HTTP/1.1" 200 8028 (2016-12-09 19:03:07; basehttp.py:131)
WARNING:django.server: "GET /static/eshop/BebasNeue-webfont.woff HTTP/1.1" 404 1798 (2016-12-09 19:03:07; basehttp.py:131)
WARNING:django.server: "GET /static/eshop/BebasNeue-webfont.ttf HTTP/1.1" 404 1795 (2016-12-09 19:03:08; basehttp.py:131)
INFO:django.server: "GET /eshop/phonemodels/ HTTP/1.1" 200 5081 (2016-12-09 19:03:09; basehttp.py:131)
WARNING:django.server: "GET /static/eshop/BebasNeue-webfont.woff HTTP/1.1" 404 1798 (2016-12-09 19:03:09; basehttp.py:131)
WARNING:django.server: "GET /static/eshop/BebasNeue-webfont.ttf HTTP/1.1" 404 1795 (2016-12-09 19:03:10; basehttp.py:131)
INFO:django.server: "GET /eshop/phonemodels/ HTTP/1.1" 200 5166 (2016-12-09 19:04:59; basehttp.py:131)
INFO:django.server: "GET /static/eshop/style.css HTTP/1.1" 200 2694 (2016-12-09 19:04:59; basehttp.py:131)
INFO:django.server: "GET /static/eshop/favicon/gremlin.ico HTTP/1.1" 200 166727 (2016-12-09 19:05:00; basehttp.py:131)
INFO:django.server: "GET /eshop/phonemodels/ HTTP/1.1" 200 5166 (2016-12-09 19:05:29; basehttp.py:131)
INFO:django.server: "GET /static/eshop/style.css HTTP/1.1" 200 985 (2016-12-09 19:05:29; basehttp.py:131)
INFO:django.server: "GET /static/eshop/favicon/gremlin.ico HTTP/1.1" 200 166727 (2016-12-09 19:05:30; basehttp.py:131)
INFO:django.server: "GET /eshop/phonemodels/ HTTP/1.1" 200 4883 (2016-12-09 19:06:00; basehttp.py:131)
INFO:django.server: "GET /static/eshop/style.css HTTP/1.1" 200 984 (2016-12-09 19:06:00; basehttp.py:131)
INFO:django.server: "GET /static/eshop/favicon/gremlin.ico HTTP/1.1" 200 166727 (2016-12-09 19:06:00; basehttp.py:131)
INFO:django.server: "GET /eshop/ HTTP/1.1" 200 4369 (2016-12-09 19:06:02; basehttp.py:131)
INFO:django.server: "GET /static/eshop/style.css HTTP/1.1" 304 0 (2016-12-09 19:06:02; basehttp.py:131)
DEBUG:eshop.views: Low level system information for debugging purposes (2016-12-09 21:02:56; views.py:18)
WARNING:eshop.views: Information describing a minor problem that has occurred. (2016-12-09 21:02:56; views.py:19)
ERROR:eshop.views: Information describing a major problem that has occurred. (2016-12-09 21:02:56; views.py:20)
INFO:django.server: "GET /eshop/ HTTP/1.1" 200 4382 (2016-12-09 21:03:05; basehttp.py:131)
INFO:django.server: "GET /static/eshop/style.css HTTP/1.1" 304 0 (2016-12-09 21:03:06; basehttp.py:131)
DEBUG:eshop.views: Low level system information for debugging purposes (2016-12-09 21:13:43; views.py:18)
WARNING:eshop.views: Information describing a minor problem that has occurred. (2016-12-09 21:13:43; views.py:19)
ERROR:eshop.views: Information describing a major problem that has occurred. (2016-12-09 21:13:43; views.py:20)
DEBUG:eshop.views: Low level system information for debugging purposes (2016-12-09 21:17:49; views.py:19)
WARNING:eshop.views: Information describing a minor problem that has occurred. (2016-12-09 21:17:49; views.py:20)
ERROR:eshop.views: Information describing a major problem that has occurred. (2016-12-09 21:17:49; views.py:21)
DEBUG:eshop.views: Low level system information for debugging purposes (2016-12-09 21:19:27; views.py:19)
WARNING:eshop.views: Information describing a minor problem that has occurred. (2016-12-09 21:19:27; views.py:20)
ERROR:eshop.views: Information describing a major problem that has occurred. (2016-12-09 21:19:27; views.py:21)
DEBUG:eshop.views: Low level system information for debugging purposes (2016-12-09 21:20:48; views.py:19)
WARNING:eshop.views: Information describing a minor problem that has occurred. (2016-12-09 21:20:48; views.py:20)
ERROR:eshop.views: Information describing a major problem that has occurred. (2016-12-09 21:20:48; views.py:21)
INFO:django.server: "GET /eshop/manufacturers/ HTTP/1.1" 200 4725 (2016-12-09 21:21:59; basehttp.py:131)
INFO:django.server: "GET /static/eshop/style.css HTTP/1.1" 304 0 (2016-12-09 21:21:59; basehttp.py:131)
INFO:django.server: "GET /eshop/ HTTP/1.1" 200 4382 (2016-12-09 21:22:01; basehttp.py:131)
INFO:django.server: "GET /eshop/login/ HTTP/1.1" 200 6024 (2016-12-09 21:31:35; basehttp.py:131)
INFO:django.server: "GET /eshop/register/ HTTP/1.1" 200 6068 (2016-12-09 21:31:39; basehttp.py:131)
INFO:django.server: "POST /eshop/register/ HTTP/1.1" 302 0 (2016-12-09 21:31:51; basehttp.py:131)
INFO:django.server: "GET /eshop/ HTTP/1.1" 200 4373 (2016-12-09 21:31:51; basehttp.py:131)
INFO:django.server: "GET /admin/ HTTP/1.1" 302 0 (2016-12-09 21:31:58; basehttp.py:131)
INFO:django.server: "GET /admin/login/?next=/admin/ HTTP/1.1" 200 1810 (2016-12-09 21:31:58; basehttp.py:131)
INFO:django.server: "POST /admin/login/?next=/admin/ HTTP/1.1" 302 0 (2016-12-09 21:32:00; basehttp.py:131)
INFO:django.server: "GET /admin/ HTTP/1.1" 200 7388 (2016-12-09 21:32:00; basehttp.py:131)
INFO:django.server: "GET /admin/auth/user/ HTTP/1.1" 200 7206 (2016-12-09 21:32:05; basehttp.py:131)
INFO:django.server: "GET /admin/jsi18n/ HTTP/1.1" 200 3189 (2016-12-09 21:32:05; basehttp.py:131)
INFO:django.server: "GET /static/admin/img/icon-no.svg HTTP/1.1" 200 560 (2016-12-09 21:32:05; basehttp.py:131)
INFO:django.server: "GET /static/admin/img/sorting-icons.svg HTTP/1.1" 304 0 (2016-12-09 21:32:05; basehttp.py:131)
INFO:django.server: "GET /admin/auth/user/6/change/ HTTP/1.1" 200 14233 (2016-12-09 21:32:08; basehttp.py:131)
INFO:django.server: "GET /static/admin/js/SelectBox.js HTTP/1.1" 200 5755 (2016-12-09 21:32:08; basehttp.py:131)
INFO:django.server: "GET /static/admin/js/SelectFilter2.js HTTP/1.1" 200 12389 (2016-12-09 21:32:08; basehttp.py:131)
INFO:django.server: "GET /static/admin/js/admin/DateTimeShortcuts.js HTTP/1.1" 200 20529 (2016-12-09 21:32:08; basehttp.py:131)
INFO:django.server: "GET /admin/jsi18n/ HTTP/1.1" 200 3189 (2016-12-09 21:32:08; basehttp.py:131)
INFO:django.server: "GET /static/admin/js/calendar.js HTTP/1.1" 200 7790 (2016-12-09 21:32:08; basehttp.py:131)
INFO:django.server: "GET /static/admin/img/icon-unknown.svg HTTP/1.1" 200 655 (2016-12-09 21:32:08; basehttp.py:131)
INFO:django.server: "GET /static/admin/img/selector-icons.svg HTTP/1.1" 200 3291 (2016-12-09 21:32:08; basehttp.py:131)
INFO:django.server: "GET /static/admin/img/icon-unknown-alt.svg HTTP/1.1" 200 655 (2016-12-09 21:32:08; basehttp.py:131)
INFO:django.server: "GET /static/admin/img/icon-calendar.svg HTTP/1.1" 200 1086 (2016-12-09 21:32:08; basehttp.py:131)
INFO:django.server: "GET /static/admin/img/icon-clock.svg HTTP/1.1" 200 677 (2016-12-09 21:32:08; basehttp.py:131)
INFO:django.server: "GET /admin/auth/user/ HTTP/1.1" 200 7206 (2016-12-09 21:32:21; basehttp.py:131)
INFO:django.server: "GET /admin/ HTTP/1.1" 200 7388 (2016-12-09 21:32:23; basehttp.py:131)
INFO:django.server: "GET /admin/eshop/order/ HTTP/1.1" 200 4777 (2016-12-09 21:32:24; basehttp.py:131)
INFO:django.server: "GET /admin/jsi18n/ HTTP/1.1" 200 3189 (2016-12-09 21:32:24; basehttp.py:131)
INFO:django.server: "GET /admin/eshop/order/2/change/ HTTP/1.1" 200 9594 (2016-12-09 21:32:26; basehttp.py:131)
INFO:django.server: "GET /admin/jsi18n/ HTTP/1.1" 200 3189 (2016-12-09 21:32:26; basehttp.py:131)
INFO:django.server: "GET /static/admin/img/tooltag-arrowright.svg HTTP/1.1" 200 280 (2016-12-09 21:32:26; basehttp.py:131)
INFO:django.server: "GET /admin/eshop/order/ HTTP/1.1" 200 4777 (2016-12-09 21:32:32; basehttp.py:131)
INFO:django.server: "GET /admin/jsi18n/ HTTP/1.1" 200 3189 (2016-12-09 21:32:32; basehttp.py:131)
INFO:django.server: "GET /admin/ HTTP/1.1" 200 7388 (2016-12-09 21:32:35; basehttp.py:131)
INFO:django.server: "GET /eshop/manufacturers/ HTTP/1.1" 200 4712 (2016-12-09 21:42:24; basehttp.py:131)
INFO:django.server: "GET /static/eshop/style.css HTTP/1.1" 304 0 (2016-12-09 21:42:24; basehttp.py:131)
INFO:django.server: "GET /eshop/manufacturers/2/ HTTP/1.1" 200 5495 (2016-12-09 21:42:25; basehttp.py:131)
INFO:django.server: "GET /media/DTEK60_C5HjiD8.jpg HTTP/1.1" 304 0 (2016-12-09 21:42:25; basehttp.py:131)
INFO:django.server: "GET /media/PASSPORT_ASO2jUN.jpg HTTP/1.1" 304 0 (2016-12-09 21:42:25; basehttp.py:131)
INFO:django.server: "GET /eshop/phonemodels/2/ HTTP/1.1" 200 6383 (2016-12-09 21:42:27; basehttp.py:131)
